<?xml version="1.0" encoding="UTF-8"?>
<testsuite xmlns:xsi="http://www.w3.org/2001/XMLSchema-instance" xsi:noNamespaceSchemaLocation="https://maven.apache.org/surefire/maven-surefire-plugin/xsd/surefire-test-report.xsd" name="be.noki_senpai.Djobs.Djobs.AppTest" time="0.013" tests="1" errors="0" skipped="0" failures="0">
  <properties>
	<property name="sun.desktop" value="windows"/>
	<property name="awt.toolkit" value="sun.awt.windows.WToolkit"/>
	<property name="file.encoding.pkg" value="sun.io"/>
	<property name="java.specification.version" value="1.8"/>
	<property name="sun.cpu.isalist" value="amd64"/>
	<property name="sun.jnu.encoding" value="Cp1252"/>
	<property name="java.class.path" value="F:\Google Drive\Projets\Projet programmation\Java\Eclipse\Djobs\target\test-classes;F:\Google Drive\Projets\Projet programmation\Java\Eclipse\Djobs\target\classes;C:\Users\nicoc\.m2\repository\org\spigotmc\spigot-api\1.13.1-R0.1-SNAPSHOT\spigot-api-1.13.1-R0.1-SNAPSHOT.jar;C:\Users\nicoc\.m2\repository\commons-lang\commons-lang\2.6\commons-lang-2.6.jar;C:\Users\nicoc\.m2\repository\com\googlecode\json-simple\json-simple\1.1.1\json-simple-1.1.1.jar;C:\Users\nicoc\.m2\repository\junit\junit\4.10\junit-4.10.jar;C:\Users\nicoc\.m2\repository\org\hamcrest\hamcrest-core\1.1\hamcrest-core-1.1.jar;C:\Users\nicoc\.m2\repository\com\google\guava\guava\21.0\guava-21.0.jar;C:\Users\nicoc\.m2\repository\com\google\code\gson\gson\2.8.0\gson-2.8.0.jar;C:\Users\nicoc\.m2\repository\net\md-5\bungeecord-chat\1.13-SNAPSHOT\bungeecord-chat-1.13-SNAPSHOT.jar;C:\Users\nicoc\.m2\repository\org\bukkit\bukkit\1.13.1-R0.1-SNAPSHOT\bukkit-1.13.1-R0.1-SNAPSHOT.jar;C:\Users\nicoc\.m2\repository\com\zaxxer\HikariCP\3.1.0\HikariCP-3.1.0.jar;C:\Users\nicoc\.m2\repository\org\slf4j\slf4j-api\1.7.25\slf4j-api-1.7.25.jar;C:\Users\nicoc\.m2\repository\org\slf4j\slf4j-simple\1.7.25\slf4j-simple-1.7.25.jar;C:\Users\nicoc\.m2\repository\org\slf4j\slf4j-jdk14\1.8.0-beta2\slf4j-jdk14-1.8.0-beta2.jar;C:\Users\nicoc\.m2\repository\org\yaml\snakeyaml\1.23\snakeyaml-1.23.jar;"/>
	<property name="java.vm.vendor" value="Oracle Corporation"/>
	<property name="sun.arch.data.model" value="64"/>
	<property name="user.variant" value=""/>
	<property name="java.vendor.url" value="http://java.oracle.com/"/>
	<property name="user.timezone" value="Europe/Paris"/>
	<property name="java.vm.specification.version" value="1.8"/>
	<property name="os.name" value="Windows 10"/>
	<property name="user.country" value="BE"/>
	<property name="sun.java.launcher" value="SUN_STANDARD"/>
	<property name="sun.boot.library.path" value="C:\Program Files\Java\jdk1.8.0_181\jre\bin"/>
	<property name="sun.java.command" value="F:\SYSTEM\TMP\surefire7692300894206648951\surefirebooter8796436674665756931.jar F:\SYSTEM\TMP\surefire7692300894206648951 2018-10-26T01-37-39_245-jvmRun1 surefire8623474491992316880tmp surefire_01767502587174280220tmp"/>
	<property name="surefire.test.class.path" value="F:\Google Drive\Projets\Projet programmation\Java\Eclipse\Djobs\target\test-classes;F:\Google Drive\Projets\Projet programmation\Java\Eclipse\Djobs\target\classes;C:\Users\nicoc\.m2\repository\org\spigotmc\spigot-api\1.13.1-R0.1-SNAPSHOT\spigot-api-1.13.1-R0.1-SNAPSHOT.jar;C:\Users\nicoc\.m2\repository\commons-lang\commons-lang\2.6\commons-lang-2.6.jar;C:\Users\nicoc\.m2\repository\com\googlecode\json-simple\json-simple\1.1.1\json-simple-1.1.1.jar;C:\Users\nicoc\.m2\repository\junit\junit\4.10\junit-4.10.jar;C:\Users\nicoc\.m2\repository\org\hamcrest\hamcrest-core\1.1\hamcrest-core-1.1.jar;C:\Users\nicoc\.m2\repository\com\google\guava\guava\21.0\guava-21.0.jar;C:\Users\nicoc\.m2\repository\com\google\code\gson\gson\2.8.0\gson-2.8.0.jar;C:\Users\nicoc\.m2\repository\net\md-5\bungeecord-chat\1.13-SNAPSHOT\bungeecord-chat-1.13-SNAPSHOT.jar;C:\Users\nicoc\.m2\repository\org\bukkit\bukkit\1.13.1-R0.1-SNAPSHOT\bukkit-1.13.1-R0.1-SNAPSHOT.jar;C:\Users\nicoc\.m2\repository\com\zaxxer\HikariCP\3.1.0\HikariCP-3.1.0.jar;C:\Users\nicoc\.m2\repository\org\slf4j\slf4j-api\1.7.25\slf4j-api-1.7.25.jar;C:\Users\nicoc\.m2\repository\org\slf4j\slf4j-simple\1.7.25\slf4j-simple-1.7.25.jar;C:\Users\nicoc\.m2\repository\org\slf4j\slf4j-jdk14\1.8.0-beta2\slf4j-jdk14-1.8.0-beta2.jar;C:\Users\nicoc\.m2\repository\org\yaml\snakeyaml\1.23\snakeyaml-1.23.jar;"/>
	<property name="sun.cpu.endian" value="little"/>
	<property name="user.home" value="C:\Users\nicoc"/>
	<property name="user.language" value="fr"/>
	<property name="java.specification.vendor" value="Oracle Corporation"/>
	<property name="java.home" value="C:\Program Files\Java\jdk1.8.0_181\jre"/>
	<property name="basedir" value="F:\Google Drive\Projets\Projet programmation\Java\Eclipse\Djobs"/>
	<property name="file.separator" value="\"/>
	<property name="line.separator" value="&#10;"/>
	<property name="java.vm.specification.vendor" value="Oracle Corporation"/>
	<property name="java.specification.name" value="Java Platform API Specification"/>
	<property name="java.awt.graphicsenv" value="sun.awt.Win32GraphicsEnvironment"/>
	<property name="surefire.real.class.path" value="F:\SYSTEM\TMP\surefire7692300894206648951\surefirebooter8796436674665756931.jar"/>
	<property name="sun.boot.class.path" value="C:\Program Files\Java\jdk1.8.0_181\jre\lib\resources.jar;C:\Program Files\Java\jdk1.8.0_181\jre\lib\rt.jar;C:\Program Files\Java\jdk1.8.0_181\jre\lib\sunrsasign.jar;C:\Program Files\Java\jdk1.8.0_181\jre\lib\jsse.jar;C:\Program Files\Java\jdk1.8.0_181\jre\lib\jce.jar;C:\Program Files\Java\jdk1.8.0_181\jre\lib\charsets.jar;C:\Program Files\Java\jdk1.8.0_181\jre\lib\jfr.jar;C:\Program Files\Java\jdk1.8.0_181\jre\classes"/>
	<property name="user.script" value=""/>
	<property name="sun.management.compiler" value="HotSpot 64-Bit Tiered Compilers"/>
	<property name="java.runtime.version" value="1.8.0_181-b13"/>
	<property name="user.name" value="NoKi"/>
	<property name="path.separator" value=";"/>
	<property name="os.version" value="10.0"/>
	<property name="java.endorsed.dirs" value="C:\Program Files\Java\jdk1.8.0_181\jre\lib\endorsed"/>
	<property name="java.runtime.name" value="Java(TM) SE Runtime Environment"/>
	<property name="file.encoding" value="Cp1252"/>
	<property name="java.vm.name" value="Java HotSpot(TM) 64-Bit Server VM"/>
	<property name="localRepository" value="C:\Users\nicoc\.m2\repository"/>
	<property name="java.vendor.url.bug" value="http://bugreport.sun.com/bugreport/"/>
	<property name="java.io.tmpdir" value="F:\SYSTEM\TMP\"/>
	<property name="java.version" value="1.8.0_181"/>
	<property name="user.dir" value="F:\Google Drive\Projets\Projet programmation\Java\Eclipse\Djobs"/>
	<property name="os.arch" value="amd64"/>
	<property name="java.vm.specification.name" value="Java Virtual Machine Specification"/>
	<property name="java.awt.printerjob" value="sun.awt.windows.WPrinterJob"/>
	<property name="sun.os.patch.level" value=""/>
	<property name="java.library.path" value="C:\Program Files\Java\jdk1.8.0_181\jre\bin;C:\Windows\Sun\Java\bin;C:\Windows\system32;C:\Windows;C:/Program Files/Java/jre1.8.0_181/bin/server;C:/Program Files/Java/jre1.8.0_181/bin;C:/Program Files/Java/jre1.8.0_181/lib/amd64;C:\Program Files (x86)\Common Files\Oracle\Java\javapath;C:\ProgramData\Oracle\Java\javapath;C:\Windows\system32;C:\Windows;C:\Windows\System32\Wbem;C:\Windows\System32\WindowsPowerShell\v1.0\;C:\Program Files (x86)\NVIDIA Corporation\PhysX\Common;C:\Program Files\nodejs\;C:\Program Files\Git\cmd;C:\Users\nicoc\AppData\Local\Microsoft\WindowsApps;F:\SYSTEM\AppData\npm;C:\Users\nicoc\AppData\Local\GitHubDesktop\bin;C:\Windows\system32;;."/>
	<property name="java.vm.info" value="mixed mode"/>
	<property name="java.vendor" value="Oracle Corporation"/>
	<property name="java.vm.version" value="25.181-b13"/>
	<property name="java.ext.dirs" value="C:\Program Files\Java\jdk1.8.0_181\jre\lib\ext;C:\Windows\Sun\Java\lib\ext"/>
	<property name="sun.io.unicode.encoding" value="UnicodeLittle"/>
	<property name="java.class.version" value="52.0"/>
  </properties>
  <testcase name="testApp" classname="be.noki_senpai.Djobs.Djobs.AppTest" time="0.001"/>
</testsuite>